<?xml version="1.0" encoding="UTF-8"?>
<!-- Generated by org.testng.reporters.JUnitReportReporter -->
<testsuite hostname="GoQaGo-PC" name="testScenarios.Vacations" tests="1" failures="0" timestamp="10 Jan 2019 07:31:38 GMT" time="42.164" errors="0">
  <testcase name="Test001" time="42.164" classname="testScenarios.Vacations"/>
</testsuite> <!-- testScenarios.Vacations -->
